<?xml version="1.0" encoding="UTF-8"?>
<!-- Generated by org.testng.reporters.JUnitXMLReporter -->
<testsuite hostname="shriganesh-PC" name="Default test" tests="16" failures="0" timestamp="24 Apr 2019 10:51:27 GMT" time="0.172" errors="0">
  <testcase name="@BeforeClass setEnv" time="0.0" classname="Test.RegisterNewMemberPageTest">
    <failure type="java.lang.NoSuchMethodError" message="org.openqa.selenium.firefox.FirefoxDriver.&amp;lt;init&amp;gt;(Lorg/openqa/selenium/firefox/FirefoxOptions;)V">
      <![CDATA[java.lang.NoSuchMethodError: org.openqa.selenium.firefox.FirefoxDriver.<init>(Lorg/openqa/selenium/firefox/FirefoxOptions;)V
	at Test.RegisterNewMemberPageTest.setEnv(RegisterNewMemberPageTest.java:37)
	at sun.reflect.NativeMethodAccessorImpl.invoke0(Native Method)
	at sun.reflect.NativeMethodAccessorImpl.invoke(NativeMethodAccessorImpl.java:62)
	at sun.reflect.DelegatingMethodAccessorImpl.invoke(DelegatingMethodAccessorImpl.java:43)
	at java.lang.reflect.Method.invoke(Method.java:498)
	at org.testng.internal.MethodInvocationHelper.invokeMethod(MethodInvocationHelper.java:85)
	at org.testng.internal.Invoker.invokeConfigurationMethod(Invoker.java:510)
	at org.testng.internal.Invoker.invokeConfigurations(Invoker.java:211)
	at org.testng.internal.Invoker.invokeConfigurations(Invoker.java:138)
	at org.testng.internal.TestMethodWorker.invokeBeforeClassMethods(TestMethodWorker.java:170)
	at org.testng.internal.TestMethodWorker.run(TestMethodWorker.java:104)
	at org.testng.TestRunner.privateRun(TestRunner.java:774)
	at org.testng.TestRunner.run(TestRunner.java:624)
	at org.testng.SuiteRunner.runTest(SuiteRunner.java:359)
	at org.testng.SuiteRunner.runSequentially(SuiteRunner.java:354)
	at org.testng.SuiteRunner.privateRun(SuiteRunner.java:312)
	at org.testng.SuiteRunner.run(SuiteRunner.java:261)
	at org.testng.SuiteRunnerWorker.runSuite(SuiteRunnerWorker.java:52)
	at org.testng.SuiteRunnerWorker.run(SuiteRunnerWorker.java:86)
	at org.testng.TestNG.runSuitesSequentially(TestNG.java:1215)
	at org.testng.TestNG.runSuitesLocally(TestNG.java:1140)
	at org.testng.TestNG.run(TestNG.java:1048)
	at org.testng.remote.AbstractRemoteTestNG.run(AbstractRemoteTestNG.java:115)
	at org.testng.remote.RemoteTestNG.initAndRun(RemoteTestNG.java:251)
	at org.testng.remote.RemoteTestNG.main(RemoteTestNG.java:77)
]]>
    </failure>
  </testcase> <!-- @BeforeClass setEnv -->
  <testcase name="@AfterMethod cleanData" time="0.0" classname="Test.RegisterNewMemberPageTest">
    <skipped/>
  </testcase> <!-- @AfterMethod cleanData -->
  <testcase name="@AfterMethod cleanData" time="0.0" classname="Test.RegisterNewMemberPageTest">
    <skipped/>
  </testcase> <!-- @AfterMethod cleanData -->
  <testcase name="@AfterMethod cleanData" time="0.0" classname="Test.RegisterNewMemberPageTest">
    <skipped/>
  </testcase> <!-- @AfterMethod cleanData -->
  <testcase name="@AfterMethod cleanData" time="0.0" classname="Test.RegisterNewMemberPageTest">
    <skipped/>
  </testcase> <!-- @AfterMethod cleanData -->
  <testcase name="@AfterMethod cleanData" time="0.0" classname="Test.RegisterNewMemberPageTest">
    <skipped/>
  </testcase> <!-- @AfterMethod cleanData -->
  <testcase name="@AfterMethod cleanData" time="0.0" classname="Test.RegisterNewMemberPageTest">
    <skipped/>
  </testcase> <!-- @AfterMethod cleanData -->
  <testcase name="@AfterMethod cleanData" time="0.0" classname="Test.RegisterNewMemberPageTest">
    <skipped/>
  </testcase> <!-- @AfterMethod cleanData -->
  <testcase name="@AfterMethod cleanData" time="0.0" classname="Test.RegisterNewMemberPageTest">
    <skipped/>
  </testcase> <!-- @AfterMethod cleanData -->
  <testcase name="@AfterMethod cleanData" time="0.0" classname="Test.RegisterNewMemberPageTest">
    <skipped/>
  </testcase> <!-- @AfterMethod cleanData -->
  <testcase name="@AfterMethod cleanData" time="0.0" classname="Test.RegisterNewMemberPageTest">
    <skipped/>
  </testcase> <!-- @AfterMethod cleanData -->
  <testcase name="@AfterMethod cleanData" time="0.0" classname="Test.RegisterNewMemberPageTest">
    <skipped/>
  </testcase> <!-- @AfterMethod cleanData -->
  <testcase name="@AfterMethod cleanData" time="0.0" classname="Test.RegisterNewMemberPageTest">
    <skipped/>
  </testcase> <!-- @AfterMethod cleanData -->
  <testcase name="@AfterMethod cleanData" time="0.0" classname="Test.RegisterNewMemberPageTest">
    <skipped/>
  </testcase> <!-- @AfterMethod cleanData -->
  <testcase name="@AfterMethod cleanData" time="0.0" classname="Test.RegisterNewMemberPageTest">
    <skipped/>
  </testcase> <!-- @AfterMethod cleanData -->
  <testcase name="@AfterMethod cleanData" time="0.0" classname="Test.RegisterNewMemberPageTest">
    <skipped/>
  </testcase> <!-- @AfterMethod cleanData -->
  <testcase name="@AfterMethod cleanData" time="0.0" classname="Test.RegisterNewMemberPageTest">
    <skipped/>
  </testcase> <!-- @AfterMethod cleanData -->
  <testcase name="clickOnRegisterNewMember" time="0.0" classname="Test.RegisterNewMemberPageTest">
    <skipped/>
  </testcase> <!-- clickOnRegisterNewMember -->
  <testcase name="titleTestCase" time="0.0" classname="Test.RegisterNewMemberPageTest">
    <skipped/>
  </testcase> <!-- titleTestCase -->
  <testcase name="labelTestCase" time="0.0" classname="Test.RegisterNewMemberPageTest">
    <skipped/>
  </testcase> <!-- labelTestCase -->
  <testcase name="headingTestCase" time="0.0" classname="Test.RegisterNewMemberPageTest">
    <skipped/>
  </testcase> <!-- headingTestCase -->
  <testcase name="checkValidationErrorMassage" time="0.0" classname="Test.RegisterNewMemberPageTest">
    <skipped/>
  </testcase> <!-- checkValidationErrorMassage -->
  <testcase name="checkValidationErrorMassage" time="0.0" classname="Test.RegisterNewMemberPageTest">
    <skipped/>
  </testcase> <!-- checkValidationErrorMassage -->
  <testcase name="checkValidationErrorMassage" time="0.0" classname="Test.RegisterNewMemberPageTest">
    <skipped/>
  </testcase> <!-- checkValidationErrorMassage -->
  <testcase name="checkValidationErrorMassage" time="0.0" classname="Test.RegisterNewMemberPageTest">
    <skipped/>
  </testcase> <!-- checkValidationErrorMassage -->
  <testcase name="checkValidationErrorMassage" time="0.0" classname="Test.RegisterNewMemberPageTest">
    <skipped/>
  </testcase> <!-- checkValidationErrorMassage -->
  <testcase name="checkValidationErrorMassage" time="0.0" classname="Test.RegisterNewMemberPageTest">
    <skipped/>
  </testcase> <!-- checkValidationErrorMassage -->
  <testcase name="checkValidationErrorMassage" time="0.0" classname="Test.RegisterNewMemberPageTest">
    <skipped/>
  </testcase> <!-- checkValidationErrorMassage -->
  <testcase name="checkValidationErrorMassage" time="0.0" classname="Test.RegisterNewMemberPageTest">
    <skipped/>
  </testcase> <!-- checkValidationErrorMassage -->
  <testcase name="checkValidationErrorMassage" time="0.0" classname="Test.RegisterNewMemberPageTest">
    <skipped/>
  </testcase> <!-- checkValidationErrorMassage -->
  <testcase name="checkValidationErrorMassage" time="0.0" classname="Test.RegisterNewMemberPageTest">
    <skipped/>
  </testcase> <!-- checkValidationErrorMassage -->
  <testcase name="checkValidationErrorMassage" time="0.0" classname="Test.RegisterNewMemberPageTest">
    <skipped/>
  </testcase> <!-- checkValidationErrorMassage -->
  <testcase name="testAlreadyRegisterdMemberLink" time="0.0" classname="Test.RegisterNewMemberPageTest">
    <skipped/>
  </testcase> <!-- testAlreadyRegisterdMemberLink -->
</testsuite> <!-- Default test -->
