<?xml version="1.0" encoding="UTF-8"?>
<testng-results skipped="16" failed="0" total="16" passed="0">
  <reporter-output>
  </reporter-output>
  <suite name="Default suite" duration-ms="172" started-at="2019-04-24T10:51:27Z" finished-at="2019-04-24T10:51:27Z">
    <groups>
    </groups>
    <test name="Default test" duration-ms="172" started-at="2019-04-24T10:51:27Z" finished-at="2019-04-24T10:51:27Z">
      <class name="Test.RegisterNewMemberPageTest">
        <test-method status="FAIL" signature="setEnv()[pri:0, instance:Test.RegisterNewMemberPageTest@49b0b76]" name="setEnv" is-config="true" duration-ms="0" started-at="2019-04-24T16:21:27Z" finished-at="2019-04-24T16:21:27Z">
          <exception class="java.lang.NoSuchMethodError">
            <message>
              <![CDATA[org.openqa.selenium.firefox.FirefoxDriver.<init>(Lorg/openqa/selenium/firefox/FirefoxOptions;)V]]>
            </message>
            <full-stacktrace>
              <![CDATA[java.lang.NoSuchMethodError: org.openqa.selenium.firefox.FirefoxDriver.<init>(Lorg/openqa/selenium/firefox/FirefoxOptions;)V
	at Test.RegisterNewMemberPageTest.setEnv(RegisterNewMemberPageTest.java:37)
	at sun.reflect.NativeMethodAccessorImpl.invoke0(Native Method)
	at sun.reflect.NativeMethodAccessorImpl.invoke(NativeMethodAccessorImpl.java:62)
	at sun.reflect.DelegatingMethodAccessorImpl.invoke(DelegatingMethodAccessorImpl.java:43)
	at java.lang.reflect.Method.invoke(Method.java:498)
	at org.testng.internal.MethodInvocationHelper.invokeMethod(MethodInvocationHelper.java:85)
	at org.testng.internal.Invoker.invokeConfigurationMethod(Invoker.java:510)
	at org.testng.internal.Invoker.invokeConfigurations(Invoker.java:211)
	at org.testng.internal.Invoker.invokeConfigurations(Invoker.java:138)
	at org.testng.internal.TestMethodWorker.invokeBeforeClassMethods(TestMethodWorker.java:170)
	at org.testng.internal.TestMethodWorker.run(TestMethodWorker.java:104)
	at org.testng.TestRunner.privateRun(TestRunner.java:774)
	at org.testng.TestRunner.run(TestRunner.java:624)
	at org.testng.SuiteRunner.runTest(SuiteRunner.java:359)
	at org.testng.SuiteRunner.runSequentially(SuiteRunner.java:354)
	at org.testng.SuiteRunner.privateRun(SuiteRunner.java:312)
	at org.testng.SuiteRunner.run(SuiteRunner.java:261)
	at org.testng.SuiteRunnerWorker.runSuite(SuiteRunnerWorker.java:52)
	at org.testng.SuiteRunnerWorker.run(SuiteRunnerWorker.java:86)
	at org.testng.TestNG.runSuitesSequentially(TestNG.java:1215)
	at org.testng.TestNG.runSuitesLocally(TestNG.java:1140)
	at org.testng.TestNG.run(TestNG.java:1048)
	at org.testng.remote.AbstractRemoteTestNG.run(AbstractRemoteTestNG.java:115)
	at org.testng.remote.RemoteTestNG.initAndRun(RemoteTestNG.java:251)
	at org.testng.remote.RemoteTestNG.main(RemoteTestNG.java:77)
]]>
            </full-stacktrace>
          </exception> <!-- java.lang.NoSuchMethodError -->
          <reporter-output>
          </reporter-output>
        </test-method> <!-- setEnv -->
        <test-method status="SKIP" signature="cleanData()[pri:0, instance:Test.RegisterNewMemberPageTest@49b0b76]" name="cleanData" is-config="true" duration-ms="0" started-at="2019-04-24T16:21:27Z" finished-at="2019-04-24T16:21:27Z">
          <reporter-output>
          </reporter-output>
        </test-method> <!-- cleanData -->
        <test-method status="SKIP" signature="cleanData()[pri:0, instance:Test.RegisterNewMemberPageTest@49b0b76]" name="cleanData" is-config="true" duration-ms="0" started-at="2019-04-24T16:21:27Z" finished-at="2019-04-24T16:21:27Z">
          <reporter-output>
          </reporter-output>
        </test-method> <!-- cleanData -->
        <test-method status="SKIP" signature="titleTestCase()[pri:0, instance:Test.RegisterNewMemberPageTest@49b0b76]" name="titleTestCase" duration-ms="0" started-at="2019-04-24T16:21:27Z" description="Test Title" finished-at="2019-04-24T16:21:27Z">
          <reporter-output>
          </reporter-output>
        </test-method> <!-- titleTestCase -->
        <test-method status="SKIP" signature="headingTestCase()[pri:2, instance:Test.RegisterNewMemberPageTest@49b0b76]" name="headingTestCase" duration-ms="0" started-at="2019-04-24T16:21:27Z" description="Test register page heading" finished-at="2019-04-24T16:21:27Z">
          <reporter-output>
          </reporter-output>
        </test-method> <!-- headingTestCase -->
        <test-method status="SKIP" signature="clickOnRegisterNewMember()[pri:0, instance:Test.RegisterNewMemberPageTest@49b0b76]" name="clickOnRegisterNewMember" duration-ms="0" started-at="2019-04-24T16:21:27Z" finished-at="2019-04-24T16:21:27Z">
          <reporter-output>
          </reporter-output>
        </test-method> <!-- clickOnRegisterNewMember -->
        <test-method status="SKIP" signature="cleanData()[pri:0, instance:Test.RegisterNewMemberPageTest@49b0b76]" name="cleanData" is-config="true" duration-ms="0" started-at="2019-04-24T16:21:27Z" finished-at="2019-04-24T16:21:27Z">
          <reporter-output>
          </reporter-output>
        </test-method> <!-- cleanData -->
        <test-method status="SKIP" signature="labelTestCase()[pri:1, instance:Test.RegisterNewMemberPageTest@49b0b76]" name="labelTestCase" duration-ms="0" started-at="2019-04-24T16:21:27Z" description="Test register page lable" finished-at="2019-04-24T16:21:27Z">
          <reporter-output>
          </reporter-output>
        </test-method> <!-- labelTestCase -->
        <test-method status="SKIP" signature="cleanData()[pri:0, instance:Test.RegisterNewMemberPageTest@49b0b76]" name="cleanData" is-config="true" duration-ms="0" started-at="2019-04-24T16:21:27Z" finished-at="2019-04-24T16:21:27Z">
          <reporter-output>
          </reporter-output>
        </test-method> <!-- cleanData -->
        <test-method status="SKIP" signature="checkValidationErrorMassage(java.lang.String, java.lang.String, java.lang.String, java.lang.String, java.lang.String, java.lang.String, java.lang.String, java.lang.String)[pri:3, instance:Test.RegisterNewMemberPageTest@49b0b76]" name="checkValidationErrorMassage" duration-ms="0" started-at="2019-04-24T16:21:27Z" data-provider="authentication" finished-at="2019-04-24T16:21:27Z">
          <params>
            <param index="0">
              <value>
                <![CDATA[]]>
              </value>
            </param>
            <param index="1">
              <value>
                <![CDATA[]]>
              </value>
            </param>
            <param index="2">
              <value>
                <![CDATA[]]>
              </value>
            </param>
            <param index="3">
              <value>
                <![CDATA[]]>
              </value>
            </param>
            <param index="4">
              <value>
                <![CDATA[Please enter Name.]]>
              </value>
            </param>
            <param index="5">
              <value>
                <![CDATA[Please enter Mobile.
]]>
              </value>
            </param>
            <param index="6">
              <value>
                <![CDATA[Please enter Email.
]]>
              </value>
            </param>
            <param index="7">
              <value>
                <![CDATA[Please enter Password.
]]>
              </value>
            </param>
          </params>
          <reporter-output>
          </reporter-output>
        </test-method> <!-- checkValidationErrorMassage -->
        <test-method status="SKIP" signature="checkValidationErrorMassage(java.lang.String, java.lang.String, java.lang.String, java.lang.String, java.lang.String, java.lang.String, java.lang.String, java.lang.String)[pri:3, instance:Test.RegisterNewMemberPageTest@49b0b76]" name="checkValidationErrorMassage" duration-ms="0" started-at="2019-04-24T16:21:27Z" data-provider="authentication" finished-at="2019-04-24T16:21:27Z">
          <params>
            <param index="0">
              <value>
                <![CDATA[hansa]]>
              </value>
            </param>
            <param index="1">
              <value>
                <![CDATA[123]]>
              </value>
            </param>
            <param index="2">
              <value>
                <![CDATA[hansashimpi@gmail.com]]>
              </value>
            </param>
            <param index="3">
              <value>
                <![CDATA[]]>
              </value>
            </param>
            <param index="4">
              <value>
                <![CDATA[]]>
              </value>
            </param>
            <param index="5">
              <value>
                <![CDATA[]]>
              </value>
            </param>
            <param index="6">
              <value>
                <![CDATA[]]>
              </value>
            </param>
            <param index="7">
              <value>
                <![CDATA[Please enter Password.
]]>
              </value>
            </param>
          </params>
          <reporter-output>
          </reporter-output>
        </test-method> <!-- checkValidationErrorMassage -->
        <test-method status="SKIP" signature="cleanData()[pri:0, instance:Test.RegisterNewMemberPageTest@49b0b76]" name="cleanData" is-config="true" duration-ms="0" started-at="2019-04-24T16:21:27Z" finished-at="2019-04-24T16:21:27Z">
          <reporter-output>
          </reporter-output>
        </test-method> <!-- cleanData -->
        <test-method status="SKIP" signature="cleanData()[pri:0, instance:Test.RegisterNewMemberPageTest@49b0b76]" name="cleanData" is-config="true" duration-ms="0" started-at="2019-04-24T16:21:27Z" finished-at="2019-04-24T16:21:27Z">
          <reporter-output>
          </reporter-output>
        </test-method> <!-- cleanData -->
        <test-method status="SKIP" signature="cleanData()[pri:0, instance:Test.RegisterNewMemberPageTest@49b0b76]" name="cleanData" is-config="true" duration-ms="0" started-at="2019-04-24T16:21:27Z" finished-at="2019-04-24T16:21:27Z">
          <reporter-output>
          </reporter-output>
        </test-method> <!-- cleanData -->
        <test-method status="SKIP" signature="checkValidationErrorMassage(java.lang.String, java.lang.String, java.lang.String, java.lang.String, java.lang.String, java.lang.String, java.lang.String, java.lang.String)[pri:3, instance:Test.RegisterNewMemberPageTest@49b0b76]" name="checkValidationErrorMassage" duration-ms="0" started-at="2019-04-24T16:21:27Z" data-provider="authentication" finished-at="2019-04-24T16:21:27Z">
          <params>
            <param index="0">
              <value>
                <![CDATA[hansa]]>
              </value>
            </param>
            <param index="1">
              <value>
                <![CDATA[123]]>
              </value>
            </param>
            <param index="2">
              <value>
                <![CDATA[]]>
              </value>
            </param>
            <param index="3">
              <value>
                <![CDATA[]]>
              </value>
            </param>
            <param index="4">
              <value>
                <![CDATA[]]>
              </value>
            </param>
            <param index="5">
              <value>
                <![CDATA[]]>
              </value>
            </param>
            <param index="6">
              <value>
                <![CDATA[Please enter Email.
]]>
              </value>
            </param>
            <param index="7">
              <value>
                <![CDATA[Please enter Password.
]]>
              </value>
            </param>
          </params>
          <reporter-output>
          </reporter-output>
        </test-method> <!-- checkValidationErrorMassage -->
        <test-method status="SKIP" signature="checkValidationErrorMassage(java.lang.String, java.lang.String, java.lang.String, java.lang.String, java.lang.String, java.lang.String, java.lang.String, java.lang.String)[pri:3, instance:Test.RegisterNewMemberPageTest@49b0b76]" name="checkValidationErrorMassage" duration-ms="0" started-at="2019-04-24T16:21:27Z" data-provider="authentication" finished-at="2019-04-24T16:21:27Z">
          <params>
            <param index="0">
              <value>
                <![CDATA[]]>
              </value>
            </param>
            <param index="1">
              <value>
                <![CDATA[]]>
              </value>
            </param>
            <param index="2">
              <value>
                <![CDATA[hansashimpi@gmail.com]]>
              </value>
            </param>
            <param index="3">
              <value>
                <![CDATA[1234]]>
              </value>
            </param>
            <param index="4">
              <value>
                <![CDATA[Please enter Name.]]>
              </value>
            </param>
            <param index="5">
              <value>
                <![CDATA[Please enter Mobile.]]>
              </value>
            </param>
            <param index="6">
              <value>
                <![CDATA[]]>
              </value>
            </param>
            <param index="7">
              <value>
                <![CDATA[]]>
              </value>
            </param>
          </params>
          <reporter-output>
          </reporter-output>
        </test-method> <!-- checkValidationErrorMassage -->
        <test-method status="SKIP" signature="checkValidationErrorMassage(java.lang.String, java.lang.String, java.lang.String, java.lang.String, java.lang.String, java.lang.String, java.lang.String, java.lang.String)[pri:3, instance:Test.RegisterNewMemberPageTest@49b0b76]" name="checkValidationErrorMassage" duration-ms="0" started-at="2019-04-24T16:21:27Z" data-provider="authentication" finished-at="2019-04-24T16:21:27Z">
          <params>
            <param index="0">
              <value>
                <![CDATA[hansa]]>
              </value>
            </param>
            <param index="1">
              <value>
                <![CDATA[]]>
              </value>
            </param>
            <param index="2">
              <value>
                <![CDATA[]]>
              </value>
            </param>
            <param index="3">
              <value>
                <![CDATA[]]>
              </value>
            </param>
            <param index="4">
              <value>
                <![CDATA[]]>
              </value>
            </param>
            <param index="5">
              <value>
                <![CDATA[Please enter Mobile.
]]>
              </value>
            </param>
            <param index="6">
              <value>
                <![CDATA[Please enter Email.
]]>
              </value>
            </param>
            <param index="7">
              <value>
                <![CDATA[Please enter Password.
]]>
              </value>
            </param>
          </params>
          <reporter-output>
          </reporter-output>
        </test-method> <!-- checkValidationErrorMassage -->
        <test-method status="SKIP" signature="checkValidationErrorMassage(java.lang.String, java.lang.String, java.lang.String, java.lang.String, java.lang.String, java.lang.String, java.lang.String, java.lang.String)[pri:3, instance:Test.RegisterNewMemberPageTest@49b0b76]" name="checkValidationErrorMassage" duration-ms="0" started-at="2019-04-24T16:21:27Z" data-provider="authentication" finished-at="2019-04-24T16:21:27Z">
          <params>
            <param index="0">
              <value>
                <![CDATA[]]>
              </value>
            </param>
            <param index="1">
              <value>
                <![CDATA[123]]>
              </value>
            </param>
            <param index="2">
              <value>
                <![CDATA[hansashimpi@gmail.com]]>
              </value>
            </param>
            <param index="3">
              <value>
                <![CDATA[1234]]>
              </value>
            </param>
            <param index="4">
              <value>
                <![CDATA[Please enter Name.]]>
              </value>
            </param>
            <param index="5">
              <value>
                <![CDATA[]]>
              </value>
            </param>
            <param index="6">
              <value>
                <![CDATA[]]>
              </value>
            </param>
            <param index="7">
              <value>
                <![CDATA[]]>
              </value>
            </param>
          </params>
          <reporter-output>
          </reporter-output>
        </test-method> <!-- checkValidationErrorMassage -->
        <test-method status="SKIP" signature="cleanData()[pri:0, instance:Test.RegisterNewMemberPageTest@49b0b76]" name="cleanData" is-config="true" duration-ms="0" started-at="2019-04-24T16:21:27Z" finished-at="2019-04-24T16:21:27Z">
          <reporter-output>
          </reporter-output>
        </test-method> <!-- cleanData -->
        <test-method status="SKIP" signature="cleanData()[pri:0, instance:Test.RegisterNewMemberPageTest@49b0b76]" name="cleanData" is-config="true" duration-ms="0" started-at="2019-04-24T16:21:27Z" finished-at="2019-04-24T16:21:27Z">
          <reporter-output>
          </reporter-output>
        </test-method> <!-- cleanData -->
        <test-method status="SKIP" signature="cleanData()[pri:0, instance:Test.RegisterNewMemberPageTest@49b0b76]" name="cleanData" is-config="true" duration-ms="0" started-at="2019-04-24T16:21:27Z" finished-at="2019-04-24T16:21:27Z">
          <reporter-output>
          </reporter-output>
        </test-method> <!-- cleanData -->
        <test-method status="SKIP" signature="cleanData()[pri:0, instance:Test.RegisterNewMemberPageTest@49b0b76]" name="cleanData" is-config="true" duration-ms="0" started-at="2019-04-24T16:21:27Z" finished-at="2019-04-24T16:21:27Z">
          <reporter-output>
          </reporter-output>
        </test-method> <!-- cleanData -->
        <test-method status="SKIP" signature="cleanData()[pri:0, instance:Test.RegisterNewMemberPageTest@49b0b76]" name="cleanData" is-config="true" duration-ms="0" started-at="2019-04-24T16:21:27Z" finished-at="2019-04-24T16:21:27Z">
          <reporter-output>
          </reporter-output>
        </test-method> <!-- cleanData -->
        <test-method status="SKIP" signature="checkValidationErrorMassage(java.lang.String, java.lang.String, java.lang.String, java.lang.String, java.lang.String, java.lang.String, java.lang.String, java.lang.String)[pri:3, instance:Test.RegisterNewMemberPageTest@49b0b76]" name="checkValidationErrorMassage" duration-ms="0" started-at="2019-04-24T16:21:27Z" data-provider="authentication" finished-at="2019-04-24T16:21:27Z">
          <params>
            <param index="0">
              <value>
                <![CDATA[]]>
              </value>
            </param>
            <param index="1">
              <value>
                <![CDATA[]]>
              </value>
            </param>
            <param index="2">
              <value>
                <![CDATA[]]>
              </value>
            </param>
            <param index="3">
              <value>
                <![CDATA[123]]>
              </value>
            </param>
            <param index="4">
              <value>
                <![CDATA[Please enter Name.]]>
              </value>
            </param>
            <param index="5">
              <value>
                <![CDATA[Please enter Mobile.]]>
              </value>
            </param>
            <param index="6">
              <value>
                <![CDATA[Please enter Email.
]]>
              </value>
            </param>
            <param index="7">
              <value>
                <![CDATA[]]>
              </value>
            </param>
          </params>
          <reporter-output>
          </reporter-output>
        </test-method> <!-- checkValidationErrorMassage -->
        <test-method status="SKIP" signature="checkValidationErrorMassage(java.lang.String, java.lang.String, java.lang.String, java.lang.String, java.lang.String, java.lang.String, java.lang.String, java.lang.String)[pri:3, instance:Test.RegisterNewMemberPageTest@49b0b76]" name="checkValidationErrorMassage" duration-ms="0" started-at="2019-04-24T16:21:27Z" data-provider="authentication" finished-at="2019-04-24T16:21:27Z">
          <params>
            <param index="0">
              <value>
                <![CDATA[hansa]]>
              </value>
            </param>
            <param index="1">
              <value>
                <![CDATA[1236]]>
              </value>
            </param>
            <param index="2">
              <value>
                <![CDATA[hansashimpj]]>
              </value>
            </param>
            <param index="3">
              <value>
                <![CDATA[]]>
              </value>
            </param>
            <param index="4">
              <value>
                <![CDATA[]]>
              </value>
            </param>
            <param index="5">
              <value>
                <![CDATA[]]>
              </value>
            </param>
            <param index="6">
              <value>
                <![CDATA[Please enter valid email.
]]>
              </value>
            </param>
            <param index="7">
              <value>
                <![CDATA[Please enter Password.
]]>
              </value>
            </param>
          </params>
          <reporter-output>
          </reporter-output>
        </test-method> <!-- checkValidationErrorMassage -->
        <test-method status="SKIP" signature="checkValidationErrorMassage(java.lang.String, java.lang.String, java.lang.String, java.lang.String, java.lang.String, java.lang.String, java.lang.String, java.lang.String)[pri:3, instance:Test.RegisterNewMemberPageTest@49b0b76]" name="checkValidationErrorMassage" duration-ms="0" started-at="2019-04-24T16:21:27Z" data-provider="authentication" finished-at="2019-04-24T16:21:27Z">
          <params>
            <param index="0">
              <value>
                <![CDATA[hansa]]>
              </value>
            </param>
            <param index="1">
              <value>
                <![CDATA[]]>
              </value>
            </param>
            <param index="2">
              <value>
                <![CDATA[hansashimpi]]>
              </value>
            </param>
            <param index="3">
              <value>
                <![CDATA[]]>
              </value>
            </param>
            <param index="4">
              <value>
                <![CDATA[]]>
              </value>
            </param>
            <param index="5">
              <value>
                <![CDATA[Please enter Mobile.]]>
              </value>
            </param>
            <param index="6">
              <value>
                <![CDATA[Please enter valid email.
]]>
              </value>
            </param>
            <param index="7">
              <value>
                <![CDATA[Please enter Password.
]]>
              </value>
            </param>
          </params>
          <reporter-output>
          </reporter-output>
        </test-method> <!-- checkValidationErrorMassage -->
        <test-method status="SKIP" signature="cleanData()[pri:0, instance:Test.RegisterNewMemberPageTest@49b0b76]" name="cleanData" is-config="true" duration-ms="0" started-at="2019-04-24T16:21:27Z" finished-at="2019-04-24T16:21:27Z">
          <reporter-output>
          </reporter-output>
        </test-method> <!-- cleanData -->
        <test-method status="SKIP" signature="checkValidationErrorMassage(java.lang.String, java.lang.String, java.lang.String, java.lang.String, java.lang.String, java.lang.String, java.lang.String, java.lang.String)[pri:3, instance:Test.RegisterNewMemberPageTest@49b0b76]" name="checkValidationErrorMassage" duration-ms="0" started-at="2019-04-24T16:21:27Z" data-provider="authentication" finished-at="2019-04-24T16:21:27Z">
          <params>
            <param index="0">
              <value>
                <![CDATA[hansa]]>
              </value>
            </param>
            <param index="1">
              <value>
                <![CDATA[123]]>
              </value>
            </param>
            <param index="2">
              <value>
                <![CDATA[]]>
              </value>
            </param>
            <param index="3">
              <value>
                <![CDATA[5869]]>
              </value>
            </param>
            <param index="4">
              <value>
                <![CDATA[]]>
              </value>
            </param>
            <param index="5">
              <value>
                <![CDATA[]]>
              </value>
            </param>
            <param index="6">
              <value>
                <![CDATA[Please enter Email.
]]>
              </value>
            </param>
            <param index="7">
              <value>
                <![CDATA[]]>
              </value>
            </param>
          </params>
          <reporter-output>
          </reporter-output>
        </test-method> <!-- checkValidationErrorMassage -->
        <test-method status="SKIP" signature="cleanData()[pri:0, instance:Test.RegisterNewMemberPageTest@49b0b76]" name="cleanData" is-config="true" duration-ms="0" started-at="2019-04-24T16:21:27Z" finished-at="2019-04-24T16:21:27Z">
          <reporter-output>
          </reporter-output>
        </test-method> <!-- cleanData -->
        <test-method status="SKIP" signature="testAlreadyRegisterdMemberLink()[pri:4, instance:Test.RegisterNewMemberPageTest@49b0b76]" name="testAlreadyRegisterdMemberLink" duration-ms="0" started-at="2019-04-24T16:21:27Z" description="Test alredy registerd member link" finished-at="2019-04-24T16:21:27Z">
          <reporter-output>
          </reporter-output>
        </test-method> <!-- testAlreadyRegisterdMemberLink -->
        <test-method status="SKIP" signature="checkValidationErrorMassage(java.lang.String, java.lang.String, java.lang.String, java.lang.String, java.lang.String, java.lang.String, java.lang.String, java.lang.String)[pri:3, instance:Test.RegisterNewMemberPageTest@49b0b76]" name="checkValidationErrorMassage" duration-ms="0" started-at="2019-04-24T16:21:27Z" data-provider="authentication" finished-at="2019-04-24T16:21:27Z">
          <params>
            <param index="0">
              <value>
                <![CDATA[]]>
              </value>
            </param>
            <param index="1">
              <value>
                <![CDATA[123]]>
              </value>
            </param>
            <param index="2">
              <value>
                <![CDATA[hansashimpi@gmail.com]]>
              </value>
            </param>
            <param index="3">
              <value>
                <![CDATA[]]>
              </value>
            </param>
            <param index="4">
              <value>
                <![CDATA[Please enter Name.]]>
              </value>
            </param>
            <param index="5">
              <value>
                <![CDATA[]]>
              </value>
            </param>
            <param index="6">
              <value>
                <![CDATA[]]>
              </value>
            </param>
            <param index="7">
              <value>
                <![CDATA[Please enter Password.
]]>
              </value>
            </param>
          </params>
          <reporter-output>
          </reporter-output>
        </test-method> <!-- checkValidationErrorMassage -->
        <test-method status="SKIP" signature="cleanData()[pri:0, instance:Test.RegisterNewMemberPageTest@49b0b76]" name="cleanData" is-config="true" duration-ms="0" started-at="2019-04-24T16:21:27Z" finished-at="2019-04-24T16:21:27Z">
          <reporter-output>
          </reporter-output>
        </test-method> <!-- cleanData -->
        <test-method status="SKIP" signature="cleanData()[pri:0, instance:Test.RegisterNewMemberPageTest@49b0b76]" name="cleanData" is-config="true" duration-ms="0" started-at="2019-04-24T16:21:27Z" finished-at="2019-04-24T16:21:27Z">
          <reporter-output>
          </reporter-output>
        </test-method> <!-- cleanData -->
      </class> <!-- Test.RegisterNewMemberPageTest -->
    </test> <!-- Default test -->
  </suite> <!-- Default suite -->
</testng-results>
